<?xml version="1.0" encoding="UTF-8"?>
<!-- Generated by org.testng.reporters.JUnitReportReporter -->
<testsuite hostname="LAPTOP-DM9OLIUL" failures="0" tests="3" name="actitimeheader.TesClassact2" time="0.009" errors="0" timestamp="2022-05-20T13:21:22 IST" skipped="0">
  <testcase classname="actitimeheader.TesClassact2" name="testC" time="0.004"/>
  <system-out/>
  <testcase classname="actitimeheader.TesClassact2" name="testA" time="0.002"/>
  <system-out/>
  <testcase classname="actitimeheader.TesClassact2" name="testB" time="0.003"/>
  <system-out/>
</testsuite> <!-- actitimeheader.TesClassact2 -->
