<?xml version="1.0" encoding="UTF-8"?>
<!-- Generated by org.testng.reporters.JUnitReportReporter -->
<testsuite hostname="LAPTOP-DM9OLIUL" failures="0" tests="6" name="actitimeheader.TestClassactitime$TestClass" time="0.015" errors="0" timestamp="2022-05-21T16:11:32 IST" skipped="0">
  <testcase classname="actitimeheader.TestClassactitime$TestClass" name="testC" time="0.002"/>
  <system-out/>
  <testcase classname="actitimeheader.TestClassactitime$TestClass" name="testC" time="0.002"/>
  <system-out/>
  <testcase classname="actitimeheader.TestClassactitime$TestClass" name="testA" time="0.001"/>
  <system-out/>
  <testcase classname="actitimeheader.TestClassactitime$TestClass" name="testA" time="0.006"/>
  <system-out/>
  <testcase classname="actitimeheader.TestClassactitime$TestClass" name="testB" time="0.002"/>
  <system-out/>
  <testcase classname="actitimeheader.TestClassactitime$TestClass" name="testB" time="0.002"/>
  <system-out/>
</testsuite> <!-- actitimeheader.TestClassactitime$TestClass -->
